2022.08.10 17:15:39 INFO  tracing is disabled for protocol LSP, to enable tracing of incoming and outgoing JSON messages create an empty file at c:\Users\Home\Desktop\reskillng\census_project\.metals\lsp.trace.json or C:\Users\Home\AppData\Local\scalameta\metals\cache\lsp.trace.json
2022.08.10 17:16:11 INFO  tracing is disabled for protocol LSP, to enable tracing of incoming and outgoing JSON messages create an empty file at c:\Users\Home\Desktop\reskillng\census_project\.metals\lsp.trace.json or C:\Users\Home\AppData\Local\scalameta\metals\cache\lsp.trace.json
2022.08.10 17:16:13 INFO  logging to file C:\Users\Home\Desktop\reskillng\census_project\.metals\metals.log
2022.08.10 17:16:13 INFO  Started: Metals version 0.11.8 in workspace 'C:\Users\Home\Desktop\reskillng\census_project' for client Visual Studio Code 1.70.1.
2022.08.10 17:16:13 WARN  Can't instantiate JavaInteractiveSemanticdb (version: JdkVersion(8), jdkHome: C:\Program Files\Java\jre1.8.0_333, javac exists: false)
2022.08.10 17:16:15 WARN  Flyway upgrade recommended: H2 2.1.214 is newer than this version of Flyway and support has not been tested. The latest supported version of H2 is 2.1.210.
2022.08.10 17:16:16 INFO  time: initialize in 2.63s
2022.08.10 17:16:17 WARN  Build server is not auto-connectable.
2022.08.10 17:16:17 WARN  no build target for: C:\Users\Home\Desktop\reskillng\census_project\build.sbt
2022.08.10 17:16:20 INFO  running 'C:\Program Files\Java\jre1.8.0_333\bin\java -Djline.terminal=jline.UnsupportedTerminal -Dsbt.log.noformat=true -Dfile.encoding=UTF-8 -jar C:\Users\Home\AppData\Local\Temp\metals5364198252775436866\sbt-launch.jar -Dbloop.export-jar-classifiers=sources bloopInstall'
2022.08.10 17:16:25 INFO  no build target found for C:\Users\Home\Desktop\reskillng\census_project\build.sbt. Using presentation compiler with project's scala-library version: 3.1.3
2022.08.10 17:16:28 INFO  [info] welcome to sbt 1.6.2 (Oracle Corporation Java 1.8.0_333)
2022.08.10 17:16:31 INFO  time: code lens generation in 12s
2022.08.10 17:16:31 INFO  time: code lens generation in 9.69s
2022.08.10 17:16:36 INFO  [info] loading settings for project census_project-build-build from metals.sbt ...
2022.08.10 17:16:38 INFO  [info] loading project definition from C:\Users\Home\Desktop\reskillng\census_project\project\project
2022.08.10 17:16:40 WARN  no build target for: C:\Users\Home\Desktop\reskillng\census_project\src\main\scala\readCsvToParque.scala
2022.08.10 17:16:48 INFO  [info] loading settings for project census_project-build from metals.sbt ...
2022.08.10 17:16:48 INFO  [info] loading project definition from C:\Users\Home\Desktop\reskillng\census_project\project
2022.08.10 17:16:53 WARN  no build target for: C:\Users\Home\Desktop\reskillng\census_project\src\main\scala\readCsvToParque.scala
2022.08.10 17:16:55 INFO  [success] Generated .bloop\census_project-build.json
2022.08.10 17:16:55 INFO  [success] Total time: 7 s, completed Aug 10, 2022 5:16:55 PM
2022.08.10 17:16:59 WARN  no build target for: C:\Users\Home\Desktop\reskillng\census_project\src\main\scala\readCsvToParque.scala
2022.08.10 17:17:01 INFO  [info] loading settings for project census_project from build.sbt ...
2022.08.10 17:17:01 INFO  [info] set current project to project2 (in build file:/C:/Users/Home/Desktop/reskillng/census_project/)
Aug 10, 2022 5:17:03 PM org.eclipse.lsp4j.jsonrpc.RemoteEndpoint handleCancellation
WARNING: Unmatched cancel notification for request id 29
2022.08.10 17:17:03 WARN  no build target for: C:\Users\Home\Desktop\reskillng\census_project\src\main\scala\readCsvToParque.scala
2022.08.10 17:17:19 INFO  [success] Generated .bloop\census_project.json
2022.08.10 17:17:19 INFO  [success] Generated .bloop\census_project-test.json
2022.08.10 17:17:19 INFO  [success] Total time: 17 s, completed Aug 10, 2022 5:17:19 PM
2022.08.10 17:17:19 INFO  time: ran 'sbt bloopInstall' in 59s
2022.08.10 17:17:19 INFO  Attempting to connect to the build server...
2022.08.10 17:17:19 INFO  Bloop uses C:\Program Files\Java\jre1.8.0_333 defined at C:\Users\Home\.bloop\bloop.json
2022.08.10 17:17:19 INFO  tracing is disabled for protocol BSP, to enable tracing of incoming and outgoing JSON messages create an empty file at C:\Users\Home\Desktop\reskillng\census_project\.metals\bsp.trace.json or C:\Users\Home\AppData\Local\scalameta\metals\cache\bsp.trace.json
2022.08.10 17:17:29 INFO  Attempting to connect to the build server...
2022.08.10 17:17:29 INFO  Bloop uses C:\Program Files\Java\jre1.8.0_333 defined at C:\Users\Home\.bloop\bloop.json
2022.08.10 17:17:29 INFO  tracing is disabled for protocol BSP, to enable tracing of incoming and outgoing JSON messages create an empty file at C:\Users\Home\Desktop\reskillng\census_project\project\.metals\bsp.trace.json or C:\Users\Home\AppData\Local\scalameta\metals\cache\bsp.trace.json
2022.08.10 17:17:33 INFO  time: Connected to build server in 14s
2022.08.10 17:17:33 INFO  Connected to Build server: Bloop v1.5.2
2022.08.10 17:17:34 INFO  time: Imported build in 0.16s
2022.08.10 17:17:52 WARN  Could not find java sources in C:\Program Files\Java\src.zip, C:\Program Files\Java\lib\src.zip, C:\Program Files\Java\jre1.8.0_333\src.zip, C:\Program Files\Java\jre1.8.0_333\lib\src.zip. Java symbols will not be available.
2022.08.10 17:18:00 WARN  Could not find java sources in C:\Program Files\Java\src.zip, C:\Program Files\Java\lib\src.zip, C:\Program Files\Java\jre1.8.0_333\src.zip, C:\Program Files\Java\jre1.8.0_333\lib\src.zip. Java symbols will not be available.
2022.08.10 17:18:00 INFO  time: indexed workspace in 25s
2022.08.10 17:18:00 INFO  compiling census_project (2 scala sources)
2022.08.10 17:18:07 INFO  time: compiled census_project in 6.86s
2022.08.10 17:18:09 INFO  compiling census_project (1 scala source)
2022.08.10 17:18:15 INFO  time: compiled census_project in 5.26s
2022.08.10 17:18:39 INFO  compiling census_project (1 scala source)
2022.08.10 17:18:42 INFO  time: compiled census_project in 2.94s
